{
"contracts/Raffle.sol":{"l":{"49":3,"50":3,"51":3,"52":3,"53":3,"54":3,"55":3,"56":3,"64":9,"65":9,"66":9,"67":9,"68":9,"69":9,"73":14,"74":1,"76":13,"77":1,"79":12,"80":12,"84":6,"85":6,"86":1,"88":5,"89":5,"96":5,"100":1,"101":1,"102":1,"103":1,"104":1,"105":1,"106":1,"107":1,"112":13,"116":1,"120":0,"123":3,"126":0,"129":0,"133":13,"137":0,"140":0},"path":"/workspace/template-typescript-node/Lottery-smart-contract/contracts/Raffle.sol","s":{"1":9,"2":9,"3":9,"4":9,"5":9,"6":14,"7":13,"8":12,"9":12,"10":6,"11":6,"12":5,"13":5,"14":1,"15":1,"16":1,"17":1,"18":1,"19":13,"20":1,"21":0,"22":3,"23":0,"24":0,"25":13,"26":0,"27":0},"b":{"1":[1,13],"2":[1,12],"3":[1,5],"4":[0,1]},"f":{"1":3,"2":9,"3":14,"4":6,"5":1,"6":13,"7":1,"8":0,"9":3,"10":0,"11":0,"12":13,"13":0,"14":0},"fnMap":{"1":{"name":"constructor","line":48,"loc":{"start":{"line":48,"column":4},"end":{"line":57,"column":4}}},"2":{"name":"checkUpkeep","line":63,"loc":{"start":{"line":63,"column":4},"end":{"line":70,"column":4}}},"3":{"name":"enterRaffle","line":72,"loc":{"start":{"line":72,"column":4},"end":{"line":81,"column":4}}},"4":{"name":"performUpkeep","line":83,"loc":{"start":{"line":83,"column":4},"end":{"line":97,"column":4}}},"5":{"name":"fulfillRandomWords","line":99,"loc":{"start":{"line":99,"column":4},"end":{"line":108,"column":4}}},"6":{"name":"getEntranceFee","line":111,"loc":{"start":{"line":111,"column":4},"end":{"line":113,"column":4}}},"7":{"name":"getPlayer","line":115,"loc":{"start":{"line":115,"column":4},"end":{"line":117,"column":4}}},"8":{"name":"getRecentWinner","line":119,"loc":{"start":{"line":119,"column":4},"end":{"line":121,"column":4}}},"9":{"name":"getRaffleState","line":122,"loc":{"start":{"line":122,"column":4},"end":{"line":124,"column":4}}},"10":{"name":"getNumWords","line":125,"loc":{"start":{"line":125,"column":4},"end":{"line":127,"column":4}}},"11":{"name":"getLastTimeStamp","line":128,"loc":{"start":{"line":128,"column":4},"end":{"line":130,"column":4}}},"12":{"name":"getInterval","line":132,"loc":{"start":{"line":132,"column":4},"end":{"line":134,"column":4}}},"13":{"name":"getNumberOfPlayers","line":136,"loc":{"start":{"line":136,"column":4},"end":{"line":138,"column":4}}},"14":{"name":"getRequestconfirmation","line":139,"loc":{"start":{"line":139,"column":4},"end":{"line":141,"column":4}}}},"statementMap":{"1":{"start":{"line":64,"column":8},"end":{"line":64,"column":57}},"2":{"start":{"line":65,"column":8},"end":{"line":65,"column":79}},"3":{"start":{"line":66,"column":8},"end":{"line":66,"column":47}},"4":{"start":{"line":67,"column":8},"end":{"line":67,"column":53}},"5":{"start":{"line":69,"column":8},"end":{"line":69,"column":35}},"6":{"start":{"line":73,"column":8},"end":{"line":73,"column":2775}},"7":{"start":{"line":76,"column":8},"end":{"line":76,"column":2881}},"8":{"start":{"line":79,"column":8},"end":{"line":79,"column":42}},"9":{"start":{"line":80,"column":8},"end":{"line":80,"column":36}},"10":{"start":{"line":84,"column":8},"end":{"line":84,"column":46}},"11":{"start":{"line":85,"column":8},"end":{"line":85,"column":3193}},"12":{"start":{"line":89,"column":8},"end":{"line":89,"column":3389}},"13":{"start":{"line":96,"column":8},"end":{"line":96,"column":42}},"14":{"start":{"line":100,"column":8},"end":{"line":100,"column":65}},"15":{"start":{"line":101,"column":8},"end":{"line":101,"column":63}},"16":{"start":{"line":103,"column":8},"end":{"line":103,"column":78}},"17":{"start":{"line":106,"column":8},"end":{"line":106,"column":54}},"18":{"start":{"line":107,"column":8},"end":{"line":107,"column":39}},"19":{"start":{"line":112,"column":8},"end":{"line":112,"column":28}},"20":{"start":{"line":116,"column":8},"end":{"line":116,"column":31}},"21":{"start":{"line":120,"column":8},"end":{"line":120,"column":29}},"22":{"start":{"line":123,"column":8},"end":{"line":123,"column":28}},"23":{"start":{"line":126,"column":8},"end":{"line":126,"column":24}},"24":{"start":{"line":129,"column":8},"end":{"line":129,"column":30}},"25":{"start":{"line":133,"column":8},"end":{"line":133,"column":25}},"26":{"start":{"line":137,"column":8},"end":{"line":137,"column":31}},"27":{"start":{"line":140,"column":8},"end":{"line":140,"column":36}}},"branchMap":{"1":{"line":73,"type":"if","locations":[{"start":{"line":73,"column":8},"end":{"line":73,"column":8}},{"start":{"line":73,"column":8},"end":{"line":73,"column":8}}]},"2":{"line":76,"type":"if","locations":[{"start":{"line":76,"column":8},"end":{"line":76,"column":8}},{"start":{"line":76,"column":8},"end":{"line":76,"column":8}}]},"3":{"line":85,"type":"if","locations":[{"start":{"line":85,"column":8},"end":{"line":85,"column":8}},{"start":{"line":85,"column":8},"end":{"line":85,"column":8}}]},"4":{"line":106,"type":"if","locations":[{"start":{"line":106,"column":8},"end":{"line":106,"column":8}},{"start":{"line":106,"column":8},"end":{"line":106,"column":8}}]}}},
"contracts/test/VRFCoordinatorV2Mock .sol":{"l":{},"path":"/workspace/template-typescript-node/Lottery-smart-contract/contracts/test/VRFCoordinatorV2Mock .sol","s":{},"b":{},"f":{},"fnMap":{},"statementMap":{},"branchMap":{}}}
