TN:
SF:/workspace/template-typescript-node/Lottery-smart-contract/contracts/Raffle.sol
FN:48,constructor
FN:63,checkUpkeep
FN:72,enterRaffle
FN:83,performUpkeep
FN:99,fulfillRandomWords
FN:111,getEntranceFee
FN:115,getPlayer
FN:119,getRecentWinner
FN:122,getRaffleState
FN:125,getNumWords
FN:128,getLastTimeStamp
FN:132,getInterval
FN:136,getNumberOfPlayers
FN:139,getRequestconfirmation
FNF:14
FNH:9
FNDA:3,constructor
FNDA:9,checkUpkeep
FNDA:14,enterRaffle
FNDA:6,performUpkeep
FNDA:1,fulfillRandomWords
FNDA:13,getEntranceFee
FNDA:1,getPlayer
FNDA:0,getRecentWinner
FNDA:3,getRaffleState
FNDA:0,getNumWords
FNDA:0,getLastTimeStamp
FNDA:13,getInterval
FNDA:0,getNumberOfPlayers
FNDA:0,getRequestconfirmation
DA:49,3
DA:50,3
DA:51,3
DA:52,3
DA:53,3
DA:54,3
DA:55,3
DA:56,3
DA:64,9
DA:65,9
DA:66,9
DA:67,9
DA:68,9
DA:69,9
DA:73,14
DA:74,1
DA:76,13
DA:77,1
DA:79,12
DA:80,12
DA:84,6
DA:85,6
DA:86,1
DA:88,5
DA:89,5
DA:96,5
DA:100,1
DA:101,1
DA:102,1
DA:103,1
DA:104,1
DA:105,1
DA:106,1
DA:107,1
DA:112,13
DA:116,1
DA:120,0
DA:123,3
DA:126,0
DA:129,0
DA:133,13
DA:137,0
DA:140,0
LF:43
LH:38
BRDA:73,1,0,1
BRDA:73,1,1,13
BRDA:76,2,0,1
BRDA:76,2,1,12
BRDA:85,3,0,1
BRDA:85,3,1,5
BRDA:106,4,0,0
BRDA:106,4,1,1
BRF:8
BRH:7
end_of_record
TN:
SF:/workspace/template-typescript-node/Lottery-smart-contract/contracts/test/VRFCoordinatorV2Mock .sol
FNF:0
FNH:0
LF:0
LH:0
BRF:0
BRH:0
end_of_record
